<?xml version="1.0" encoding="UTF-8"?>
<testsuite name="com.solstice.amazon.microservice.product.controller.ProductControllerTest" tests="2" skipped="0" failures="0" errors="0" timestamp="2018-08-06T19:44:52" hostname="Tyree-Solomon-Phillips-MacBook-Pro.local" time="0.08">
  <properties/>
  <testcase name="getAllProducts" classname="com.solstice.amazon.microservice.product.controller.ProductControllerTest" time="0.073"/>
  <testcase name="addProduct" classname="com.solstice.amazon.microservice.product.controller.ProductControllerTest" time="0.006"/>
  <system-out><![CDATA[14:44:49.307 [Test worker] DEBUG org.springframework.test.context.junit4.SpringJUnit4ClassRunner - SpringJUnit4ClassRunner constructor called with [class com.solstice.amazon.microservice.product.controller.ProductControllerTest]
14:44:49.316 [Test worker] DEBUG org.springframework.test.context.BootstrapUtils - Instantiating CacheAwareContextLoaderDelegate from class [org.springframework.test.context.cache.DefaultCacheAwareContextLoaderDelegate]
14:44:49.324 [Test worker] DEBUG org.springframework.test.context.BootstrapUtils - Instantiating BootstrapContext using constructor [public org.springframework.test.context.support.DefaultBootstrapContext(java.lang.Class,org.springframework.test.context.CacheAwareContextLoaderDelegate)]
14:44:49.344 [Test worker] DEBUG org.springframework.test.context.BootstrapUtils - Instantiating TestContextBootstrapper for test class [com.solstice.amazon.microservice.product.controller.ProductControllerTest] from class [org.springframework.boot.test.autoconfigure.web.servlet.WebMvcTestContextBootstrapper]
14:44:49.369 [Test worker] DEBUG org.springframework.test.context.support.AbstractContextLoader - Did not detect default resource location for test class [com.solstice.amazon.microservice.product.controller.ProductControllerTest]: class path resource [com/solstice/amazon/microservice/product/controller/ProductControllerTest-context.xml] does not exist
14:44:49.370 [Test worker] DEBUG org.springframework.test.context.support.AbstractContextLoader - Did not detect default resource location for test class [com.solstice.amazon.microservice.product.controller.ProductControllerTest]: class path resource [com/solstice/amazon/microservice/product/controller/ProductControllerTestContext.groovy] does not exist
14:44:49.370 [Test worker] INFO org.springframework.test.context.support.AbstractContextLoader - Could not detect default resource locations for test class [com.solstice.amazon.microservice.product.controller.ProductControllerTest]: no resource found for suffixes {-context.xml, Context.groovy}.
14:44:49.453 [Test worker] DEBUG org.springframework.test.context.support.ActiveProfilesUtils - Could not find an 'annotation declaring class' for annotation type [org.springframework.test.context.ActiveProfiles] and class [com.solstice.amazon.microservice.product.controller.ProductControllerTest]
14:44:49.457 [Test worker] DEBUG org.springframework.boot.test.autoconfigure.web.servlet.WebMvcTestContextBootstrapper - @TestExecutionListeners is not present for class [com.solstice.amazon.microservice.product.controller.ProductControllerTest]: using defaults.
14:44:49.458 [Test worker] INFO org.springframework.boot.test.autoconfigure.web.servlet.WebMvcTestContextBootstrapper - Loaded default TestExecutionListener class names from location [META-INF/spring.factories]: [org.springframework.boot.test.autoconfigure.restdocs.RestDocsTestExecutionListener, org.springframework.boot.test.autoconfigure.web.client.MockRestServiceServerResetTestExecutionListener, org.springframework.boot.test.autoconfigure.web.servlet.MockMvcPrintOnlyOnFailureTestExecutionListener, org.springframework.boot.test.autoconfigure.web.servlet.WebDriverTestExecutionListener, org.springframework.boot.test.mock.mockito.MockitoTestExecutionListener, org.springframework.boot.test.mock.mockito.ResetMocksTestExecutionListener, org.springframework.test.context.web.ServletTestExecutionListener, org.springframework.test.context.support.DirtiesContextBeforeModesTestExecutionListener, org.springframework.test.context.support.DependencyInjectionTestExecutionListener, org.springframework.test.context.support.DirtiesContextTestExecutionListener, org.springframework.test.context.transaction.TransactionalTestExecutionListener, org.springframework.test.context.jdbc.SqlScriptsTestExecutionListener]
14:44:49.474 [Test worker] INFO org.springframework.boot.test.autoconfigure.web.servlet.WebMvcTestContextBootstrapper - Using TestExecutionListeners: [org.springframework.test.context.web.ServletTestExecutionListener@71ffa114, org.springframework.test.context.support.DirtiesContextBeforeModesTestExecutionListener@7a64d861, org.springframework.boot.test.mock.mockito.MockitoTestExecutionListener@6fb2601f, org.springframework.boot.test.autoconfigure.SpringBootDependencyInjectionTestExecutionListener@61dcac, org.springframework.test.context.support.DirtiesContextTestExecutionListener@c1a2ab5, org.springframework.test.context.transaction.TransactionalTestExecutionListener@50e14c87, org.springframework.test.context.jdbc.SqlScriptsTestExecutionListener@2c2f7c1c, org.springframework.boot.test.autoconfigure.restdocs.RestDocsTestExecutionListener@22a55189, org.springframework.boot.test.autoconfigure.web.client.MockRestServiceServerResetTestExecutionListener@7fb788ea, org.springframework.boot.test.autoconfigure.web.servlet.MockMvcPrintOnlyOnFailureTestExecutionListener@25e866ef, org.springframework.boot.test.autoconfigure.web.servlet.WebDriverTestExecutionListener@72f031d2, org.springframework.boot.test.mock.mockito.ResetMocksTestExecutionListener@7a511f1c]
14:44:49.477 [Test worker] DEBUG org.springframework.test.annotation.ProfileValueUtils - Retrieved @ProfileValueSourceConfiguration [null] for test class [com.solstice.amazon.microservice.product.controller.ProductControllerTest]
14:44:49.477 [Test worker] DEBUG org.springframework.test.annotation.ProfileValueUtils - Retrieved ProfileValueSource type [class org.springframework.test.annotation.SystemProfileValueSource] for class [com.solstice.amazon.microservice.product.controller.ProductControllerTest]
14:44:49.478 [Test worker] DEBUG org.springframework.test.annotation.ProfileValueUtils - Retrieved @ProfileValueSourceConfiguration [null] for test class [com.solstice.amazon.microservice.product.controller.ProductControllerTest]
14:44:49.478 [Test worker] DEBUG org.springframework.test.annotation.ProfileValueUtils - Retrieved ProfileValueSource type [class org.springframework.test.annotation.SystemProfileValueSource] for class [com.solstice.amazon.microservice.product.controller.ProductControllerTest]
14:44:49.482 [Test worker] DEBUG org.springframework.test.context.support.AbstractDirtiesContextTestExecutionListener - Before test class: context [DefaultTestContext@495dc91f testClass = ProductControllerTest, testInstance = [null], testMethod = [null], testException = [null], mergedContextConfiguration = [WebMergedContextConfiguration@59ccd664 testClass = ProductControllerTest, locations = '{}', classes = '{class com.sun.org.apache.xerces.internal.parsers.SecurityConfiguration}', contextInitializerClasses = '[]', activeProfiles = '{}', propertySourceLocations = '{}', propertySourceProperties = '{org.springframework.boot.test.autoconfigure.web.servlet.WebMvcTestContextBootstrapper=true}', contextCustomizers = set[org.springframework.boot.test.autoconfigure.OverrideAutoConfigurationContextCustomizerFactory$DisableAutoConfigurationContextCustomizer@2296697, org.springframework.boot.test.autoconfigure.filter.TypeExcludeFiltersContextCustomizer@45771114, org.springframework.boot.test.autoconfigure.properties.PropertyMappingContextCustomizer@d33f7ec5, org.springframework.boot.test.autoconfigure.web.servlet.WebDriverContextCustomizerFactory$Customizer@4d68ee9f, [ImportsContextCustomizer@7c55c6df key = [org.springframework.boot.autoconfigure.cache.CacheAutoConfiguration, org.springframework.boot.autoconfigure.context.MessageSourceAutoConfiguration, org.springframework.boot.autoconfigure.data.web.SpringDataWebAutoConfiguration, org.springframework.boot.autoconfigure.freemarker.FreeMarkerAutoConfiguration, org.springframework.boot.autoconfigure.groovy.template.GroovyTemplateAutoConfiguration, org.springframework.boot.autoconfigure.gson.GsonAutoConfiguration, org.springframework.boot.autoconfigure.hateoas.HypermediaAutoConfiguration, org.springframework.boot.autoconfigure.http.HttpMessageConvertersAutoConfiguration, org.springframework.boot.autoconfigure.jackson.JacksonAutoConfiguration, org.springframework.boot.autoconfigure.jsonb.JsonbAutoConfiguration, org.springframework.boot.autoconfigure.mustache.MustacheAutoConfiguration, org.springframework.boot.autoconfigure.thymeleaf.ThymeleafAutoConfiguration, org.springframework.boot.autoconfigure.validation.ValidationAutoConfiguration, org.springframework.boot.autoconfigure.web.servlet.error.ErrorMvcAutoConfiguration, org.springframework.boot.autoconfigure.web.servlet.WebMvcAutoConfiguration, org.springframework.boot.test.autoconfigure.web.servlet.MockMvcAutoConfiguration, org.springframework.boot.test.autoconfigure.web.servlet.MockMvcSecurityAutoConfiguration, org.springframework.boot.test.autoconfigure.web.servlet.MockMvcWebClientAutoConfiguration, org.springframework.boot.test.autoconfigure.web.servlet.MockMvcWebDriverAutoConfiguration]], org.springframework.boot.test.context.filter.ExcludeFilterContextCustomizer@3502a8b3, org.springframework.boot.test.json.DuplicateJsonObjectContextCustomizerFactory$DuplicateJsonObjectContextCustomizer@32178f61, org.springframework.boot.test.mock.mockito.MockitoContextCustomizer@0], resourceBasePath = '', contextLoader = 'org.springframework.boot.test.context.SpringBootContextLoader', parent = [null]], attributes = map[[empty]]], class annotated with @DirtiesContext [false] with mode [null].
14:44:49.483 [Test worker] DEBUG org.springframework.test.annotation.ProfileValueUtils - Retrieved @ProfileValueSourceConfiguration [null] for test class [com.solstice.amazon.microservice.product.controller.ProductControllerTest]
14:44:49.483 [Test worker] DEBUG org.springframework.test.annotation.ProfileValueUtils - Retrieved ProfileValueSource type [class org.springframework.test.annotation.SystemProfileValueSource] for class [com.solstice.amazon.microservice.product.controller.ProductControllerTest]
14:44:49.841 [Test worker] DEBUG org.springframework.test.context.support.DependencyInjectionTestExecutionListener - Performing dependency injection for test context [[DefaultTestContext@495dc91f testClass = ProductControllerTest, testInstance = com.solstice.amazon.microservice.product.controller.ProductControllerTest@1e79e86e, testMethod = [null], testException = [null], mergedContextConfiguration = [WebMergedContextConfiguration@59ccd664 testClass = ProductControllerTest, locations = '{}', classes = '{class com.sun.org.apache.xerces.internal.parsers.SecurityConfiguration}', contextInitializerClasses = '[]', activeProfiles = '{}', propertySourceLocations = '{}', propertySourceProperties = '{org.springframework.boot.test.autoconfigure.web.servlet.WebMvcTestContextBootstrapper=true}', contextCustomizers = set[org.springframework.boot.test.autoconfigure.OverrideAutoConfigurationContextCustomizerFactory$DisableAutoConfigurationContextCustomizer@2296697, org.springframework.boot.test.autoconfigure.filter.TypeExcludeFiltersContextCustomizer@45771114, org.springframework.boot.test.autoconfigure.properties.PropertyMappingContextCustomizer@d33f7ec5, org.springframework.boot.test.autoconfigure.web.servlet.WebDriverContextCustomizerFactory$Customizer@4d68ee9f, [ImportsContextCustomizer@7c55c6df key = [org.springframework.boot.autoconfigure.cache.CacheAutoConfiguration, org.springframework.boot.autoconfigure.context.MessageSourceAutoConfiguration, org.springframework.boot.autoconfigure.data.web.SpringDataWebAutoConfiguration, org.springframework.boot.autoconfigure.freemarker.FreeMarkerAutoConfiguration, org.springframework.boot.autoconfigure.groovy.template.GroovyTemplateAutoConfiguration, org.springframework.boot.autoconfigure.gson.GsonAutoConfiguration, org.springframework.boot.autoconfigure.hateoas.HypermediaAutoConfiguration, org.springframework.boot.autoconfigure.http.HttpMessageConvertersAutoConfiguration, org.springframework.boot.autoconfigure.jackson.JacksonAutoConfiguration, org.springframework.boot.autoconfigure.jsonb.JsonbAutoConfiguration, org.springframework.boot.autoconfigure.mustache.MustacheAutoConfiguration, org.springframework.boot.autoconfigure.thymeleaf.ThymeleafAutoConfiguration, org.springframework.boot.autoconfigure.validation.ValidationAutoConfiguration, org.springframework.boot.autoconfigure.web.servlet.error.ErrorMvcAutoConfiguration, org.springframework.boot.autoconfigure.web.servlet.WebMvcAutoConfiguration, org.springframework.boot.test.autoconfigure.web.servlet.MockMvcAutoConfiguration, org.springframework.boot.test.autoconfigure.web.servlet.MockMvcSecurityAutoConfiguration, org.springframework.boot.test.autoconfigure.web.servlet.MockMvcWebClientAutoConfiguration, org.springframework.boot.test.autoconfigure.web.servlet.MockMvcWebDriverAutoConfiguration]], org.springframework.boot.test.context.filter.ExcludeFilterContextCustomizer@3502a8b3, org.springframework.boot.test.json.DuplicateJsonObjectContextCustomizerFactory$DuplicateJsonObjectContextCustomizer@32178f61, org.springframework.boot.test.mock.mockito.MockitoContextCustomizer@0], resourceBasePath = '', contextLoader = 'org.springframework.boot.test.context.SpringBootContextLoader', parent = [null]], attributes = map[[empty]]]].
14:44:49.979 [Test worker] DEBUG org.springframework.test.context.support.TestPropertySourceUtils - Adding inlined properties to environment: {spring.jmx.enabled=false, org.springframework.boot.test.autoconfigure.web.servlet.WebMvcTestContextBootstrapper=true, server.port=-1}
2018-08-06 14:44:50.836  INFO 58894 --- [    Test worker] trationDelegate$BeanPostProcessorChecker : Bean 'configurationPropertiesRebinderAutoConfiguration' of type [org.springframework.cloud.autoconfigure.ConfigurationPropertiesRebinderAutoConfiguration$$EnhancerBySpringCGLIB$$de969e5d] is not eligible for getting processed by all BeanPostProcessors (for example: not eligible for auto-proxying)

  .   ____          _            __ _ _
 /\\ / ___'_ __ _ _(_)_ __  __ _ \ \ \ \
( ( )\___ | '_ | '_| | '_ \/ _` | \ \ \ \
 \\/  ___)| |_)| | | | | || (_| |  ) ) ) )
  '  |____| .__|_| |_|_| |_\__, | / / / /
 =========|_|==============|___/=/_/_/_/
 :: Spring Boot ::  (v2.1.0.BUILD-SNAPSHOT)

2018-08-06 14:44:50.982  INFO 58894 --- [    Test worker] c.s.a.m.p.c.ProductControllerTest        : No active profile set, falling back to default profiles: default
2018-08-06 14:44:52.588  INFO 58894 --- [    Test worker] .s.s.UserDetailsServiceAutoConfiguration : 

Using generated security password: 2ff21e31-81bb-4af7-9901-5990ec9fdfe6

2018-08-06 14:44:52.775  INFO 58894 --- [    Test worker] o.s.s.web.DefaultSecurityFilterChain     : Creating filter chain: any request, [org.springframework.security.web.context.request.async.WebAsyncManagerIntegrationFilter@4e97c356, org.springframework.security.web.context.SecurityContextPersistenceFilter@6c4a1789, org.springframework.security.web.header.HeaderWriterFilter@232366f3, org.springframework.security.web.csrf.CsrfFilter@2257ac82, org.springframework.security.web.authentication.logout.LogoutFilter@1abee566, org.springframework.security.web.authentication.UsernamePasswordAuthenticationFilter@451758d3, org.springframework.security.web.authentication.ui.DefaultLoginPageGeneratingFilter@656f4dab, org.springframework.security.web.authentication.ui.DefaultLogoutPageGeneratingFilter@191459e8, org.springframework.security.web.authentication.www.BasicAuthenticationFilter@22b6a5e, org.springframework.security.web.savedrequest.RequestCacheAwareFilter@7c1a876f, org.springframework.security.web.servletapi.SecurityContextHolderAwareRequestFilter@68cd4172, org.springframework.security.web.authentication.AnonymousAuthenticationFilter@293c33a1, org.springframework.security.web.session.SessionManagementFilter@3f296f7a, org.springframework.security.web.access.ExceptionTranslationFilter@781788c3, org.springframework.security.web.access.intercept.FilterSecurityInterceptor@223a5d0f]
2018-08-06 14:44:52.799  INFO 58894 --- [    Test worker] o.s.b.t.m.w.SpringBootMockServletContext : Initializing Spring TestDispatcherServlet ''
2018-08-06 14:44:52.800  INFO 58894 --- [    Test worker] o.s.t.web.servlet.TestDispatcherServlet  : Initializing Servlet ''
2018-08-06 14:44:52.812  INFO 58894 --- [    Test worker] o.s.t.web.servlet.TestDispatcherServlet  : Completed initialization in 12 ms
2018-08-06 14:44:52.864  INFO 58894 --- [    Test worker] c.s.a.m.p.c.ProductControllerTest        : Started ProductControllerTest in 2.875 seconds (JVM running for 4.363)
]]></system-out>
  <system-err><![CDATA[]]></system-err>
</testsuite>
