<?xml version="1.0" encoding="UTF-8"?>
<testsuite name="com.solstice.amazon.microservice.accountaddress.service.AccountServiceTest" tests="4" skipped="0" failures="0" errors="0" timestamp="2018-08-06T19:44:43" hostname="Tyree-Solomon-Phillips-MacBook-Pro.local" time="0.016">
  <properties/>
  <testcase name="getOneAccount" classname="com.solstice.amazon.microservice.accountaddress.service.AccountServiceTest" time="0.004"/>
  <testcase name="addAccount" classname="com.solstice.amazon.microservice.accountaddress.service.AccountServiceTest" time="0.004"/>
  <testcase name="updateAccount" classname="com.solstice.amazon.microservice.accountaddress.service.AccountServiceTest" time="0.003"/>
  <testcase name="getAllAccounts" classname="com.solstice.amazon.microservice.accountaddress.service.AccountServiceTest" time="0.003"/>
  <system-out><![CDATA[2018-08-06 14:44:43.945  INFO 58881 --- [    Test worker] .b.t.c.SpringBootTestContextBootstrapper : Neither @ContextConfiguration nor @ContextHierarchy found for test class [com.solstice.amazon.microservice.accountaddress.service.AccountServiceTest], using SpringBootContextLoader
2018-08-06 14:44:43.946  INFO 58881 --- [    Test worker] o.s.t.c.support.AbstractContextLoader    : Could not detect default resource locations for test class [com.solstice.amazon.microservice.accountaddress.service.AccountServiceTest]: no resource found for suffixes {-context.xml, Context.groovy}.
2018-08-06 14:44:43.946  INFO 58881 --- [    Test worker] t.c.s.AnnotationConfigContextLoaderUtils : Could not detect default configuration classes for test class [com.solstice.amazon.microservice.accountaddress.service.AccountServiceTest]: AccountServiceTest does not declare any static, non-private, non-final, nested classes annotated with @Configuration.
2018-08-06 14:44:43.947  INFO 58881 --- [    Test worker] .b.t.c.SpringBootTestContextBootstrapper : Found @SpringBootConfiguration com.solstice.amazon.microservice.accountaddress.AccountAddressApplication for test class com.solstice.amazon.microservice.accountaddress.service.AccountServiceTest
2018-08-06 14:44:43.948  INFO 58881 --- [    Test worker] .b.t.c.SpringBootTestContextBootstrapper : Loaded default TestExecutionListener class names from location [META-INF/spring.factories]: [org.springframework.boot.test.autoconfigure.restdocs.RestDocsTestExecutionListener, org.springframework.boot.test.autoconfigure.web.client.MockRestServiceServerResetTestExecutionListener, org.springframework.boot.test.autoconfigure.web.servlet.MockMvcPrintOnlyOnFailureTestExecutionListener, org.springframework.boot.test.autoconfigure.web.servlet.WebDriverTestExecutionListener, org.springframework.boot.test.mock.mockito.MockitoTestExecutionListener, org.springframework.boot.test.mock.mockito.ResetMocksTestExecutionListener, org.springframework.test.context.web.ServletTestExecutionListener, org.springframework.test.context.support.DirtiesContextBeforeModesTestExecutionListener, org.springframework.test.context.support.DependencyInjectionTestExecutionListener, org.springframework.test.context.support.DirtiesContextTestExecutionListener, org.springframework.test.context.transaction.TransactionalTestExecutionListener, org.springframework.test.context.jdbc.SqlScriptsTestExecutionListener]
2018-08-06 14:44:43.949  INFO 58881 --- [    Test worker] .b.t.c.SpringBootTestContextBootstrapper : Using TestExecutionListeners: [org.springframework.test.context.web.ServletTestExecutionListener@794fce23, org.springframework.test.context.support.DirtiesContextBeforeModesTestExecutionListener@639d802e, org.springframework.boot.test.mock.mockito.MockitoTestExecutionListener@7c6510a6, org.springframework.boot.test.autoconfigure.SpringBootDependencyInjectionTestExecutionListener@742e7fc4, org.springframework.test.context.support.DirtiesContextTestExecutionListener@731799b4, org.springframework.test.context.transaction.TransactionalTestExecutionListener@7c04fb08, org.springframework.test.context.jdbc.SqlScriptsTestExecutionListener@28b0240e, org.springframework.boot.test.autoconfigure.restdocs.RestDocsTestExecutionListener@2f67be83, org.springframework.boot.test.autoconfigure.web.client.MockRestServiceServerResetTestExecutionListener@607248e2, org.springframework.boot.test.autoconfigure.web.servlet.MockMvcPrintOnlyOnFailureTestExecutionListener@3b75235f, org.springframework.boot.test.autoconfigure.web.servlet.WebDriverTestExecutionListener@12ccf06b, org.springframework.boot.test.mock.mockito.ResetMocksTestExecutionListener@cdd717]
]]></system-out>
  <system-err><![CDATA[]]></system-err>
</testsuite>
