<?xml version="1.0" encoding="UTF-8"?>
<testsuite name="com.solstice.amazon.microservice.accountaddress.controller.AddressControllerTest" tests="5" skipped="0" failures="0" errors="0" timestamp="2018-08-06T19:44:36" hostname="Tyree-Solomon-Phillips-MacBook-Pro.local" time="0.036">
  <properties/>
  <testcase name="getOneAddress" classname="com.solstice.amazon.microservice.accountaddress.controller.AddressControllerTest" time="0.008"/>
  <testcase name="deleteAddress" classname="com.solstice.amazon.microservice.accountaddress.controller.AddressControllerTest" time="0.006"/>
  <testcase name="getAllAddresses" classname="com.solstice.amazon.microservice.accountaddress.controller.AddressControllerTest" time="0.007"/>
  <testcase name="addAddress" classname="com.solstice.amazon.microservice.accountaddress.controller.AddressControllerTest" time="0.007"/>
  <testcase name="updateAddress" classname="com.solstice.amazon.microservice.accountaddress.controller.AddressControllerTest" time="0.005"/>
  <system-out><![CDATA[2018-08-06 14:44:35.442  INFO 58881 --- [    Test worker] o.s.t.c.support.AbstractContextLoader    : Could not detect default resource locations for test class [com.solstice.amazon.microservice.accountaddress.controller.AddressControllerTest]: no resource found for suffixes {-context.xml, Context.groovy}.
2018-08-06 14:44:35.446  INFO 58881 --- [    Test worker] .b.t.a.w.s.WebMvcTestContextBootstrapper : Loaded default TestExecutionListener class names from location [META-INF/spring.factories]: [org.springframework.boot.test.autoconfigure.restdocs.RestDocsTestExecutionListener, org.springframework.boot.test.autoconfigure.web.client.MockRestServiceServerResetTestExecutionListener, org.springframework.boot.test.autoconfigure.web.servlet.MockMvcPrintOnlyOnFailureTestExecutionListener, org.springframework.boot.test.autoconfigure.web.servlet.WebDriverTestExecutionListener, org.springframework.boot.test.mock.mockito.MockitoTestExecutionListener, org.springframework.boot.test.mock.mockito.ResetMocksTestExecutionListener, org.springframework.test.context.web.ServletTestExecutionListener, org.springframework.test.context.support.DirtiesContextBeforeModesTestExecutionListener, org.springframework.test.context.support.DependencyInjectionTestExecutionListener, org.springframework.test.context.support.DirtiesContextTestExecutionListener, org.springframework.test.context.transaction.TransactionalTestExecutionListener, org.springframework.test.context.jdbc.SqlScriptsTestExecutionListener]
2018-08-06 14:44:35.449  INFO 58881 --- [    Test worker] .b.t.a.w.s.WebMvcTestContextBootstrapper : Using TestExecutionListeners: [org.springframework.test.context.web.ServletTestExecutionListener@79cd788d, org.springframework.test.context.support.DirtiesContextBeforeModesTestExecutionListener@202ccecf, org.springframework.boot.test.mock.mockito.MockitoTestExecutionListener@70e12e18, org.springframework.boot.test.autoconfigure.SpringBootDependencyInjectionTestExecutionListener@518010f6, org.springframework.test.context.support.DirtiesContextTestExecutionListener@439b135b, org.springframework.test.context.transaction.TransactionalTestExecutionListener@587e751, org.springframework.test.context.jdbc.SqlScriptsTestExecutionListener@7cef8817, org.springframework.boot.test.autoconfigure.restdocs.RestDocsTestExecutionListener@2d3920dc, org.springframework.boot.test.autoconfigure.web.client.MockRestServiceServerResetTestExecutionListener@3623ffeb, org.springframework.boot.test.autoconfigure.web.servlet.MockMvcPrintOnlyOnFailureTestExecutionListener@c243b11, org.springframework.boot.test.autoconfigure.web.servlet.WebDriverTestExecutionListener@c8ba5b2, org.springframework.boot.test.mock.mockito.ResetMocksTestExecutionListener@68d05b3f]
2018-08-06 14:44:35.623  INFO 58881 --- [    Test worker] trationDelegate$BeanPostProcessorChecker : Bean 'configurationPropertiesRebinderAutoConfiguration' of type [org.springframework.cloud.autoconfigure.ConfigurationPropertiesRebinderAutoConfiguration$$EnhancerBySpringCGLIB$$1d5c1e8d] is not eligible for getting processed by all BeanPostProcessors (for example: not eligible for auto-proxying)

  .   ____          _            __ _ _
 /\\ / ___'_ __ _ _(_)_ __  __ _ \ \ \ \
( ( )\___ | '_ | '_| | '_ \/ _` | \ \ \ \
 \\/  ___)| |_)| | | | | || (_| |  ) ) ) )
  '  |____| .__|_| |_|_| |_\__, | / / / /
 =========|_|==============|___/=/_/_/_/
 :: Spring Boot ::  (v2.1.0.BUILD-SNAPSHOT)

2018-08-06 14:44:35.675  INFO 58881 --- [    Test worker] c.s.a.m.a.c.AddressControllerTest        : No active profile set, falling back to default profiles: default
2018-08-06 14:44:36.374  INFO 58881 --- [    Test worker] .s.s.UserDetailsServiceAutoConfiguration : 

Using generated security password: 03047d26-d55e-4582-aa3b-f9f2e8d11525

2018-08-06 14:44:36.506  INFO 58881 --- [    Test worker] o.s.s.web.DefaultSecurityFilterChain     : Creating filter chain: any request, [org.springframework.security.web.context.request.async.WebAsyncManagerIntegrationFilter@6b404d06, org.springframework.security.web.context.SecurityContextPersistenceFilter@1d00b2db, org.springframework.security.web.header.HeaderWriterFilter@2fe198a8, org.springframework.security.web.csrf.CsrfFilter@69a9b982, org.springframework.security.web.authentication.logout.LogoutFilter@71e561fe, org.springframework.security.web.authentication.UsernamePasswordAuthenticationFilter@35692739, org.springframework.security.web.authentication.ui.DefaultLoginPageGeneratingFilter@696b9062, org.springframework.security.web.authentication.ui.DefaultLogoutPageGeneratingFilter@2b226f28, org.springframework.security.web.authentication.www.BasicAuthenticationFilter@72c87f41, org.springframework.security.web.savedrequest.RequestCacheAwareFilter@7851ce93, org.springframework.security.web.servletapi.SecurityContextHolderAwareRequestFilter@5b562de9, org.springframework.security.web.authentication.AnonymousAuthenticationFilter@578ed59a, org.springframework.security.web.session.SessionManagementFilter@39c169c8, org.springframework.security.web.access.ExceptionTranslationFilter@b2dd323, org.springframework.security.web.access.intercept.FilterSecurityInterceptor@288554b]
2018-08-06 14:44:36.520  INFO 58881 --- [    Test worker] o.s.b.t.m.w.SpringBootMockServletContext : Initializing Spring TestDispatcherServlet ''
2018-08-06 14:44:36.521  INFO 58881 --- [    Test worker] o.s.t.web.servlet.TestDispatcherServlet  : Initializing Servlet ''
2018-08-06 14:44:36.536  INFO 58881 --- [    Test worker] o.s.t.web.servlet.TestDispatcherServlet  : Completed initialization in 15 ms
2018-08-06 14:44:36.605  INFO 58881 --- [    Test worker] c.s.a.m.a.c.AddressControllerTest        : Started AddressControllerTest in 1.11 seconds (JVM running for 5.787)
]]></system-out>
  <system-err><![CDATA[]]></system-err>
</testsuite>
